#! /c/iverilog/bin/vvp
:ivl_version "0.9.7 " "(v0_9_7)";
:vpi_time_precision + 0;
:vpi_module "system";
:vpi_module "v2005_math";
:vpi_module "va_math";
S_00763DB8 .scope module, "babor" "babor" 2 1;
 .timescale 0 0;
P_007A1F1C .param/l "STEP" 2 3, +C4<010>;
v00767160_0 .net "limited", 7 0, L_00767848; 1 drivers
v007671B8_0 .var "m_clock", 0 0;
v00767210_0 .var "mreset_n", 0 0;
v00767760_0 .var "valor", 7 0;
E_007A1F38 .event posedge, v007671B8_0;
S_00763E40 .scope module, "limitr" "limiter" 2 33, 2 46, S_00763DB8;
 .timescale 0 0;
v00762B08_0 .net/s *"_s0", 8 0, L_007677B8; 1 drivers
v00762B60_0 .net/s *"_s2", 8 0, C4<000000000>; 1 drivers
v00762BB8_0 .net *"_s4", 0 0, L_0076EF70; 1 drivers
v00767058_0 .net/s *"_s6", 7 0, C4<00000000>; 1 drivers
v007670B0_0 .alias "limited", 7 0, v00767160_0;
v00767108_0 .net/s "value", 7 0, v00767760_0; 1 drivers
L_007677B8 .extend/s 9, v00767760_0;
L_0076EF70 .cmp/gt.s 9, C4<000000000>, L_007677B8;
L_00767848 .functor MUXZ 8, v00767760_0, C4<00000000>, L_0076EF70, C4<>;
    .scope S_00763DB8;
T_0 ;
    %vpi_call 2 8 "$display", "Fork";
    %set/v v00767210_0, 0, 1;
    %delay 8, 0;
    %set/v v00767210_0, 1, 1;
    %end;
    .thread T_0;
    .scope S_00763DB8;
T_1 ;
    %set/v v007671B8_0, 1, 1;
T_1.0 ;
    %delay 1, 0;
    %load/v 8, v007671B8_0, 1;
    %inv 8, 1;
    %set/v v007671B8_0, 8, 1;
    %jmp T_1.0;
    %end;
    .thread T_1;
    .scope S_00763DB8;
T_2 ;
    %vpi_call 2 20 "$display", "BM1 simulation begins";
    %delay 56000, 0;
    %vpi_call 2 23 "$display", "\012end by step limit";
    %vpi_call 2 24 "$finish";
    %end;
    .thread T_2;
    .scope S_00763DB8;
T_3 ;
    %set/v v00767760_0, 0, 8;
    %end;
    .thread T_3;
    .scope S_00763DB8;
T_4 ;
    %wait E_007A1F38;
    %ix/load 0, 1, 0;
    %load/vp0 8, v00767760_0, 8;
    %ix/load 0, 8, 0;
    %assign/v0 v00767760_0, 0, 8;
    %vpi_call 2 39 "$display", "unlimited = %02x limited = %02x", v00767760_0, v00767160_0;
    %jmp T_4;
    .thread T_4;
# The file index is used to find the file name in the following table.
:file_names 3;
    "N/A";
    "<interactive>";
    "babor.v";
